jax/input/TeX/config.js
jax/input/MathML/config.js
jax/output/HTML-CSS/config.js
jax/output/NativeMML/config.js
config/MMLorHTML.js
extensions/tex2jax.js
extensions/mml2jax.js
extensions/MathZoom.js
extensions/MathMenu.js
jax/element/mml/jax.js
extensions/TeX/noErrors.js
extensions/TeX/noUndefined.js
jax/input/TeX/jax.js
extensions/TeX/AMSmath.js
extensions/TeX/AMSsymbols.js
jax/input/MathML/jax.js

NativeMML: {
  showMathMenuMSIE: false
},
menuSettings: {
  zoom: "Double-Click"
},
errorSettings: {
  message: ["[Math Error]"]
}

