jax/input/TeX/config.js
jax/input/MathML/config.js
jax/input/AsciiMath/config.js
jax/output/HTML-CSS/config.js
jax/output/NativeMML/config.js
jax/output/PreviewHTML/config.js
config/MMLorHTML.js
extensions/tex2jax.js
extensions/mml2jax.js
extensions/asciimath2jax.js
extensions/MathEvents.js
extensions/MathZoom.js
extensions/MathMenu.js
jax/element/mml/jax.js
extensions/toMathML.js
extensions/TeX/noErrors.js
extensions/TeX/noUndefined.js
jax/input/TeX/jax.js
extensions/TeX/AMSmath.js
extensions/TeX/AMSsymbols.js
jax/input/MathML/jax.js
jax/input/AsciiMath/jax.js
jax/output/NativeMML/jax.js
jax/output/HTML-CSS/jax.js
jax/output/HTML-CSS/autoload/mtable.js
jax/output/PreviewHTML/jax.js
extensions/fast-preview.js
extensions/AssistiveMML.js
extensions/a11y/accessibility-menu.js

extensions: ['[a11y]/accessibility-menu.js']
