jax/input/TeX/config.js
jax/output/SVG/config.js
jax/output/PreviewHTML/config.js
extensions/tex2jax.js
extensions/MathEvents.js
extensions/MathZoom.js
extensions/MathMenu.js
jax/element/mml/jax.js
extensions/toMathML.js
extensions/TeX/noErrors.js
extensions/TeX/noUndefined.js
jax/input/TeX/jax.js
extensions/TeX/AMSmath.js
extensions/TeX/AMSsymbols.js
jax/output/SVG/jax.js
jax/output/SVG/autoload/mtable.js
jax/output/PreviewHTML/jax.js
extensions/fast-preview.js
extensions/AssistiveMML.js
extensions/a11y/accessibility-menu.js

extensions: ['[a11y]/accessibility-menu.js']
